**********************************************
*******     Site #   1
Average PSA and Fourier spectrum over     3 trials
damping:   5%
 100 samples
Mag.          =      6.50
siteCoord1    =      0.36
siteCoord2    =      0.01
depth         =      3.00
fault Dis.(km)=    10.24
Hypo  Dis.(km)=    35.20
Input Parameters file =  M6d5S130_parameters.out                                                                                                 
 data format: (1x,f10.3, 1p, 1x,e11.4, 5x,e11.4, 2x,e11.4, 1x,e11.4)
   freq(Hz)     per(s) FAS(cm/sec) avgPSA(cm/s**2) avgPSV(cm/s)   avgSD(cm)
      0.100     10.000  5.9862E+00      4.0400E+00   6.4299E+00  1.0234E+01
      0.106      9.392  5.9862E+00      4.7211E+00   7.0568E+00  1.0548E+01
      0.113      8.820  6.7993E+00      5.4042E+00   7.5863E+00  1.0649E+01
      0.121      8.283  7.5319E+00      6.1297E+00   8.0811E+00  1.0654E+01
      0.129      7.779  8.4093E+00      7.0011E+00   8.6684E+00  1.0733E+01
      0.137      7.306  9.5569E+00      7.9292E+00   9.2202E+00  1.0721E+01
      0.146      6.862  1.1209E+01      9.0441E+00   9.8767E+00  1.0786E+01
      0.155      6.444  1.3480E+01      9.9951E+00   1.0251E+01  1.0514E+01
      0.165      6.052  1.5028E+01      1.1961E+01   1.1521E+01  1.1097E+01
      0.176      5.684  1.7413E+01      1.4524E+01   1.3138E+01  1.1885E+01
      0.187      5.338  1.9151E+01      1.6530E+01   1.4044E+01  1.1931E+01
      0.199      5.013  1.9728E+01      1.8735E+01   1.4948E+01  1.1927E+01
      0.212      4.708  1.9605E+01      2.0607E+01   1.5442E+01  1.1571E+01
      0.226      4.422  2.0883E+01      2.2991E+01   1.6180E+01  1.1386E+01
      0.241      4.153  2.1641E+01      2.6000E+01   1.7184E+01  1.1357E+01
      0.256      3.900  2.3587E+01      2.9122E+01   1.8076E+01  1.1220E+01
      0.273      3.663  2.4980E+01      3.3074E+01   1.9280E+01  1.1239E+01
      0.291      3.440  2.6518E+01      3.6110E+01   1.9769E+01  1.0823E+01
      0.310      3.231  2.7429E+01      3.9867E+01   2.0498E+01  1.0539E+01
      0.330      3.034  2.8393E+01      4.3587E+01   2.1047E+01  1.0163E+01
      0.351      2.849  2.9970E+01      4.9331E+01   2.2371E+01  1.0145E+01
      0.374      2.676  3.1926E+01      5.4258E+01   2.3109E+01  9.8421E+00
      0.398      2.513  3.5161E+01      6.0374E+01   2.4149E+01  9.6594E+00
      0.424      2.360  3.5675E+01      6.6683E+01   2.5050E+01  9.4100E+00
      0.451      2.217  3.9208E+01      7.5004E+01   2.6461E+01  9.3354E+00
      0.480      2.082  4.1062E+01      8.3197E+01   2.7566E+01  9.1334E+00
      0.511      1.955  3.6296E+01      8.8104E+01   2.7416E+01  8.5309E+00
      0.545      1.836  3.5090E+01      9.2159E+01   2.6933E+01  7.8707E+00
      0.580      1.724  3.2969E+01      9.5724E+01   2.6272E+01  7.2106E+00
      0.617      1.620  2.7775E+01      1.0004E+02   2.5786E+01  6.6465E+00
      0.657      1.521  2.8775E+01      1.0430E+02   2.5250E+01  6.1123E+00
      0.700      1.428  2.6120E+01      1.0422E+02   2.3693E+01  5.3866E+00
      0.745      1.342  2.5300E+01      1.0156E+02   2.1684E+01  4.6298E+00
      0.794      1.260  2.3094E+01      1.0083E+02   2.0218E+01  4.0542E+00
      0.845      1.183  2.3024E+01      1.0042E+02   1.8911E+01  3.5614E+00
      0.900      1.111  2.6074E+01      9.9107E+01   1.7528E+01  3.1001E+00
      0.958      1.044  2.4449E+01      1.0384E+02   1.7249E+01  2.8651E+00
      1.020      0.980  2.3617E+01      1.1789E+02   1.8390E+01  2.8688E+00
      1.086      0.921  2.3004E+01      1.3348E+02   1.9555E+01  2.8649E+00
      1.157      0.865  2.9057E+01      1.5123E+02   2.0808E+01  2.8631E+00
      1.232      0.812  3.6334E+01      1.7523E+02   2.2643E+01  2.9259E+00
      1.311      0.763  4.2607E+01      1.9912E+02   2.4164E+01  2.9325E+00
      1.396      0.716  4.5028E+01      2.2627E+02   2.5789E+01  2.9393E+00
      1.487      0.673  4.7882E+01      2.7465E+02   2.9398E+01  3.1467E+00
      1.583      0.632  4.8352E+01      3.2302E+02   3.2472E+01  3.2643E+00
      1.686      0.593  4.8275E+01      3.5229E+02   3.3259E+01  3.1400E+00
      1.795      0.557  5.0064E+01      3.9199E+02   3.4756E+01  3.0816E+00
      1.911      0.523  4.7875E+01      4.0617E+02   3.3822E+01  2.8164E+00
      2.035      0.491  3.7681E+01      4.0518E+02   3.1687E+01  2.4780E+00
      2.167      0.461  3.9038E+01      4.0010E+02   2.9386E+01  2.1583E+00
      2.307      0.433  3.3727E+01      3.9079E+02   2.6955E+01  1.8593E+00
      2.457      0.407  2.3972E+01      3.8485E+02   2.4930E+01  1.6150E+00
      2.616      0.382  2.8189E+01      3.6994E+02   2.2507E+01  1.3693E+00
      2.786      0.359  2.3673E+01      3.7356E+02   2.1344E+01  1.2195E+00
      2.966      0.337  3.0976E+01      4.3495E+02   2.3339E+01  1.2524E+00
      3.158      0.317  5.1509E+01      5.2106E+02   2.6259E+01  1.3233E+00
      3.363      0.297  5.3263E+01      5.9679E+02   2.8246E+01  1.3368E+00
      3.581      0.279  3.2086E+01      6.0892E+02   2.7066E+01  1.2031E+00
      3.813      0.262  2.9431E+01      6.0448E+02   2.5234E+01  1.0534E+00
      4.060      0.246  2.2095E+01      5.8959E+02   2.3115E+01  9.0622E-01
      4.323      0.231  4.4435E+01      6.3410E+02   2.3348E+01  8.5965E-01
      4.603      0.217  5.4791E+01      6.9544E+02   2.4048E+01  8.3156E-01
      4.901      0.204  3.0695E+01      6.7436E+02   2.1900E+01  7.1122E-01
      5.218      0.192  2.6263E+01      6.4269E+02   1.9602E+01  5.9785E-01
      5.556      0.180  3.3488E+01      7.0079E+02   2.0073E+01  5.7498E-01
      5.916      0.169  3.9424E+01      7.3857E+02   1.9868E+01  5.3447E-01
      6.300      0.159  4.3219E+01      7.6636E+02   1.9362E+01  4.8916E-01
      6.708      0.149  2.3147E+01      7.5008E+02   1.7797E+01  4.2228E-01
      7.142      0.140  2.3267E+01      7.0712E+02   1.5757E+01  3.5112E-01
      7.605      0.131  2.7939E+01      5.9194E+02   1.2388E+01  2.5925E-01
      8.098      0.123  1.7137E+01      6.1488E+02   1.2085E+01  2.3752E-01
      8.622      0.116  2.3112E+01      6.9839E+02   1.2891E+01  2.3795E-01
      9.181      0.109  2.1416E+01      8.4741E+02   1.4690E+01  2.5466E-01
      9.776      0.102  2.9594E+01      8.0805E+02   1.3155E+01  2.1418E-01
     10.409      0.096  1.3902E+01      8.1305E+02   1.2432E+01  1.9008E-01
     11.083      0.090  2.0138E+01      8.2571E+02   1.1857E+01  1.7026E-01
     11.801      0.085  2.0752E+01      7.6227E+02   1.0280E+01  1.3864E-01
     12.566      0.080  1.0745E+01      7.4726E+02   9.4644E+00  1.1987E-01
     13.380      0.075  9.6576E+00      7.3478E+02   8.7401E+00  1.0396E-01
     14.247      0.070  1.6599E+01      7.5478E+02   8.4318E+00  9.4192E-02
     15.170      0.066  1.6081E+01      6.8255E+02   7.1609E+00  7.5128E-02
     16.153      0.062  1.0261E+01      6.4777E+02   6.3826E+00  6.2888E-02
     17.199      0.058  6.7609E+00      6.2620E+02   5.7946E+00  5.3621E-02
     18.314      0.055  8.0960E+00      6.0324E+02   5.2425E+00  4.5560E-02
     19.500      0.051  1.1509E+01      5.9988E+02   4.8961E+00  3.9961E-02
     20.763      0.048  5.1270E+00      5.5905E+02   4.2852E+00  3.2847E-02
     22.109      0.045  4.7560E+00      4.7836E+02   3.4436E+00  2.4790E-02
     23.541      0.042  2.9915E+00      4.5250E+02   3.0593E+00  2.0683E-02
     25.066      0.040  3.7569E+00      4.2886E+02   2.7230E+00  1.7290E-02
     26.690      0.037  2.4054E+00      3.9812E+02   2.3741E+00  1.4157E-02
     28.419      0.035  2.6146E+00      3.9186E+02   2.1945E+00  1.2290E-02
     30.260      0.033  1.6663E+00      3.8204E+02   2.0093E+00  1.0568E-02
     32.221      0.031  1.9435E+00      3.5771E+02   1.7669E+00  8.7279E-03
     34.308      0.029  1.4828E+00      3.2799E+02   1.5216E+00  7.0585E-03
     36.531      0.027  1.4494E+00      3.2164E+02   1.4013E+00  6.1052E-03
     38.897      0.026  6.4239E-01      3.1497E+02   1.2888E+00  5.2731E-03
     41.417      0.024  5.7696E-01      3.1171E+02   1.1978E+00  4.6029E-03
     44.101      0.023  5.7533E-01      3.1289E+02   1.1292E+00  4.0751E-03
     46.958      0.021  2.9848E-01      3.0646E+02   1.0387E+00  3.5204E-03
     50.000      0.020  2.3236E-01      3.0239E+02   9.6253E-01  3.0638E-03
 
 
