**********************************************
*******     Site #   2
Average PSA and Fourier spectrum over     3 trials
damping:   5%
 100 samples
Mag.          =      6.50
siteCoord1    =      0.72
siteCoord2    =      0.01
depth         =      3.00
fault Dis.(km)=    49.56
Hypo  Dis.(km)=    75.03
Input Parameters file =  M6d5S130_parameters.out                                                                                                 
 data format: (1x,f10.3, 1p, 1x,e11.4, 5x,e11.4, 2x,e11.4, 1x,e11.4)
   freq(Hz)     per(s) FAS(cm/sec) avgPSA(cm/s**2) avgPSV(cm/s)   avgSD(cm)
      0.100     10.000  2.6112E+00      1.3695E+00   2.1796E+00  3.4689E+00
      0.106      9.392  2.6112E+00      1.6708E+00   2.4973E+00  3.7327E+00
      0.113      8.820  2.9304E+00      1.9730E+00   2.7696E+00  3.8879E+00
      0.121      8.283  3.2831E+00      2.2318E+00   2.9423E+00  3.8791E+00
      0.129      7.779  3.5668E+00      2.4830E+00   3.0743E+00  3.8064E+00
      0.137      7.306  3.7325E+00      2.8264E+00   3.2866E+00  3.8217E+00
      0.146      6.862  4.6386E+00      3.2933E+00   3.5964E+00  3.9275E+00
      0.155      6.444  5.1884E+00      3.9166E+00   4.0169E+00  4.1198E+00
      0.165      6.052  5.6623E+00      4.7078E+00   4.5346E+00  4.3678E+00
      0.176      5.684  6.4231E+00      5.3583E+00   4.8472E+00  4.3848E+00
      0.187      5.338  6.7660E+00      6.2678E+00   5.3249E+00  4.5239E+00
      0.199      5.013  7.3116E+00      7.1923E+00   5.7385E+00  4.5786E+00
      0.212      4.708  7.5482E+00      8.0318E+00   6.0185E+00  4.5098E+00
      0.226      4.422  8.1977E+00      9.3541E+00   6.5828E+00  4.6325E+00
      0.241      4.153  9.1661E+00      1.0843E+01   7.1663E+00  4.7363E+00
      0.256      3.900  9.9756E+00      1.2462E+01   7.7353E+00  4.8013E+00
      0.273      3.663  1.0736E+01      1.4390E+01   8.3885E+00  4.8900E+00
      0.291      3.440  1.1193E+01      1.6444E+01   9.0025E+00  4.9286E+00
      0.310      3.231  1.1409E+01      1.8165E+01   9.3398E+00  4.8022E+00
      0.330      3.034  1.2114E+01      2.0458E+01   9.8789E+00  4.7703E+00
      0.351      2.849  1.2309E+01      2.2524E+01   1.0215E+01  4.6323E+00
      0.374      2.676  1.3183E+01      2.4423E+01   1.0402E+01  4.4302E+00
      0.398      2.513  1.3888E+01      2.5656E+01   1.0262E+01  4.1048E+00
      0.424      2.360  1.4483E+01      2.7945E+01   1.0498E+01  3.9435E+00
      0.451      2.217  1.5641E+01      2.9967E+01   1.0572E+01  3.7299E+00
      0.480      2.082  1.6464E+01      3.1254E+01   1.0355E+01  3.4311E+00
      0.511      1.955  1.5217E+01      3.0718E+01   9.5587E+00  2.9744E+00
      0.545      1.836  1.6485E+01      3.0656E+01   8.9588E+00  2.6181E+00
      0.580      1.724  1.2808E+01      2.8890E+01   7.9292E+00  2.1762E+00
      0.617      1.620  1.1317E+01      2.8761E+01   7.4135E+00  1.9109E+00
      0.657      1.521  7.7635E+00      3.1009E+01   7.5066E+00  1.8172E+00
      0.700      1.428  6.2634E+00      3.3830E+01   7.6911E+00  1.7486E+00
      0.745      1.342  1.0652E+01      3.8853E+01   8.2956E+00  1.7712E+00
      0.794      1.260  1.2390E+01      4.3043E+01   8.6311E+00  1.7307E+00
      0.845      1.183  1.2879E+01      4.5992E+01   8.6613E+00  1.6311E+00
      0.900      1.111  9.0726E+00      4.8126E+01   8.5117E+00  1.5054E+00
      0.958      1.044  6.1135E+00      4.7750E+01   7.9314E+00  1.3174E+00
      1.020      0.980  5.6130E+00      4.8118E+01   7.5062E+00  1.1709E+00
      1.086      0.921  8.3445E+00      5.6044E+01   8.2107E+00  1.2029E+00
      1.157      0.865  1.0904E+01      6.2839E+01   8.6461E+00  1.1896E+00
      1.232      0.812  1.7830E+01      6.8197E+01   8.8124E+00  1.1387E+00
      1.311      0.763  2.0703E+01      7.6044E+01   9.2285E+00  1.1199E+00
      1.396      0.716  2.1917E+01      8.3394E+01   9.5047E+00  1.0833E+00
      1.487      0.673  1.6432E+01      8.3897E+01   8.9802E+00  9.6123E-01
      1.583      0.632  8.5908E+00      8.5341E+01   8.5790E+00  8.6241E-01
      1.686      0.593  9.1486E+00      9.1424E+01   8.6313E+00  8.1488E-01
      1.795      0.557  1.1030E+01      9.5834E+01   8.4971E+00  7.5340E-01
      1.911      0.523  1.4388E+01      1.1930E+02   9.9342E+00  8.2723E-01
      2.035      0.491  1.7094E+01      1.3567E+02   1.0610E+01  8.2972E-01
      2.167      0.461  1.9267E+01      1.3866E+02   1.0184E+01  7.4799E-01
      2.307      0.433  1.9404E+01      1.4477E+02   9.9857E+00  6.8879E-01
      2.457      0.407  1.3159E+01      1.2904E+02   8.3594E+00  5.4153E-01
      2.616      0.382  7.4200E+00      1.1896E+02   7.2376E+00  4.4033E-01
      2.786      0.359  1.2486E+01      1.1705E+02   6.6878E+00  3.8212E-01
      2.966      0.337  6.9903E+00      1.2443E+02   6.6767E+00  3.5828E-01
      3.158      0.317  1.5305E+01      1.3522E+02   6.8147E+00  3.4343E-01
      3.363      0.297  1.0205E+01      1.2533E+02   5.9316E+00  2.8074E-01
      3.581      0.279  8.1290E+00      1.3197E+02   5.8660E+00  2.6074E-01
      3.813      0.262  9.8445E+00      1.3787E+02   5.7553E+00  2.4026E-01
      4.060      0.246  1.1978E+01      1.4153E+02   5.5487E+00  2.1754E-01
      4.323      0.231  9.6879E+00      1.4895E+02   5.4844E+00  2.0193E-01
      4.603      0.217  1.1680E+01      1.5674E+02   5.4198E+00  1.8741E-01
      4.901      0.204  9.1866E+00      1.4194E+02   4.6097E+00  1.4970E-01
      5.218      0.192  5.8028E+00      1.2225E+02   3.7284E+00  1.1372E-01
      5.556      0.180  6.8392E+00      1.4878E+02   4.2615E+00  1.2207E-01
      5.916      0.169  1.0556E+01      1.6389E+02   4.4089E+00  1.1860E-01
      6.300      0.159  6.0904E+00      1.4905E+02   3.7656E+00  9.5135E-02
      6.708      0.149  4.1218E+00      1.3041E+02   3.0941E+00  7.3415E-02
      7.142      0.140  7.0107E+00      1.3277E+02   2.9586E+00  6.5929E-02
      7.605      0.131  2.9588E+00      1.2971E+02   2.7144E+00  5.6806E-02
      8.098      0.123  2.9799E+00      1.3540E+02   2.6611E+00  5.2302E-02
      8.622      0.116  5.3521E+00      1.6591E+02   3.0625E+00  5.6529E-02
      9.181      0.109  7.3360E+00      1.6495E+02   2.8595E+00  4.9570E-02
      9.776      0.102  4.3085E+00      1.7996E+02   2.9298E+00  4.7699E-02
     10.409      0.096  4.3666E+00      1.7013E+02   2.6013E+00  3.9774E-02
     11.083      0.090  3.5959E+00      1.4891E+02   2.1383E+00  3.0705E-02
     11.801      0.085  3.4613E+00      1.3998E+02   1.8878E+00  2.5459E-02
     12.566      0.080  2.5136E+00      1.4719E+02   1.8642E+00  2.3611E-02
     13.380      0.075  2.7051E+00      1.3655E+02   1.6242E+00  1.9320E-02
     14.247      0.070  1.4540E+00      1.2327E+02   1.3771E+00  1.5383E-02
     15.170      0.066  1.1677E+00      1.1145E+02   1.1693E+00  1.2267E-02
     16.153      0.062  1.8004E+00      1.0577E+02   1.0422E+00  1.0269E-02
     17.199      0.058  1.3928E+00      1.0397E+02   9.6211E-01  8.9030E-03
     18.314      0.055  1.7697E+00      1.0928E+02   9.4969E-01  8.2533E-03
     19.500      0.051  1.1351E+00      1.0878E+02   8.8787E-01  7.2466E-03
     20.763      0.048  1.2836E+00      1.0402E+02   7.9737E-01  6.1120E-03
     22.109      0.045  7.4998E-01      9.4674E+01   6.8154E-01  4.9063E-03
     23.541      0.042  6.6665E-01      8.9897E+01   6.0777E-01  4.1090E-03
     25.066      0.040  6.8889E-01      9.0646E+01   5.7555E-01  3.6544E-03
     26.690      0.037  1.8273E-01      8.9664E+01   5.3467E-01  3.1883E-03
     28.419      0.035  1.8736E-01      8.7379E+01   4.8935E-01  2.7405E-03
     30.260      0.033  2.7742E-01      8.4764E+01   4.4582E-01  2.3448E-03
     32.221      0.031  2.1215E-01      8.1281E+01   4.0149E-01  1.9832E-03
     34.308      0.029  1.8187E-01      7.7140E+01   3.5785E-01  1.6601E-03
     36.531      0.027  1.2945E-01      7.6388E+01   3.3280E-01  1.4499E-03
     38.897      0.026  7.9202E-02      7.5626E+01   3.0944E-01  1.2661E-03
     41.417      0.024  7.7755E-02      7.5234E+01   2.8910E-01  1.1109E-03
     44.101      0.023  1.8590E-02      7.5178E+01   2.7131E-01  9.7912E-04
     46.958      0.021  1.2271E-02      7.4753E+01   2.5336E-01  8.5873E-04
     50.000      0.020  3.0720E-02      7.4292E+01   2.3648E-01  7.5274E-04
 
 
